<?xml version="1.0" encoding="UTF-8"?>
<!-- Generated by org.testng.reporters.JUnitReportReporter -->
<testsuite skipped="0" hostname="DoBiggsLT" name="com.codebind.TC003" tests="1" failures="0" timestamp="2020-01-13T14:52:36 EST" time="0.001" errors="0">
  <testcase name="PrintOrder" time="0.001" classname="com.codebind.TC003"/>
</testsuite> <!-- com.codebind.TC003 -->
