<?xml version="1.0" encoding="UTF-8"?>
<!-- Generated by org.testng.reporters.JUnitReportReporter -->
<testsuite skipped="0" hostname="DoBiggsLT" name="com.codebind.TC002" tests="1" failures="0" timestamp="2020-01-13T13:06:42 EST" time="0.002" errors="0">
  <testcase name="DeleteOrder" time="0.002" classname="com.codebind.TC002"/>
</testsuite> <!-- com.codebind.TC002 -->
