<?xml version="1.0" encoding="UTF-8"?>
<!-- Generated by org.testng.reporters.JUnitReportReporter -->
<testsuite skipped="0" hostname="DoBiggsLT" name="com.codebind.TC001" tests="1" failures="0" timestamp="2020-01-13T13:06:42 EST" time="0.011" errors="0">
  <testcase name="CreateOrder" time="0.011" classname="com.codebind.TC001"/>
</testsuite> <!-- com.codebind.TC001 -->
