<?xml version="1.0" encoding="UTF-8"?>
<!-- Generated by org.testng.reporters.JUnitReportReporter -->
<testsuite skipped="0" hostname="DoBiggsLT" name="com.codebind.TC002" tests="1" failures="0" timestamp="2020-01-08T11:16:56 EST" time="0.015" errors="0">
  <testcase name="NativeAppAndroid" time="0.015" classname="com.codebind.TC002"/>
</testsuite> <!-- com.codebind.TC002 -->
