<?xml version="1.0" encoding="UTF-8"?>
<!-- Generated by org.testng.reporters.JUnitReportReporter -->
<testsuite hostname="DoBiggsLT" failures="0" tests="1" name="com.codebind.TC001" time="0.007" errors="0" timestamp="2020-01-13T14:40:09 EST" skipped="0">
  <testcase classname="com.codebind.TC001" name="CreateOrder" time="0.007"/>
</testsuite> <!-- com.codebind.TC001 -->
