<?xml version="1.0" encoding="UTF-8"?>
<!-- Generated by org.testng.reporters.JUnitReportReporter -->
<testsuite hostname="DoBiggsLT" failures="0" tests="1" name="com.codebind.TC002" time="0.001" errors="0" timestamp="2020-01-13T14:40:09 EST" skipped="0">
  <testcase classname="com.codebind.TC002" name="DeleteOrder" time="0.001"/>
</testsuite> <!-- com.codebind.TC002 -->
