<?xml version="1.0" encoding="UTF-8"?>
<!-- Generated by org.testng.reporters.JUnitReportReporter -->
<testsuite hostname="DoBiggsLT" failures="0" tests="1" name="com.codebind.TC002" time="0.009" errors="0" timestamp="2020-01-09T12:31:39 EST" skipped="0">
  <testcase classname="com.codebind.TC002" name="NativeAppAndroid" time="0.009"/>
</testsuite> <!-- com.codebind.TC002 -->
